2026-07-01 00:17:41 WARN Configuration value missing, using default
2026-07-01 01:36:38 ERROR Timeout while contacting API
2026-07-01 05:19:24 WARN Retrying failed request
2026-07-01 06:02:02 INFO Background job completed
2026-07-01 06:30:12 INFO Configuration loaded
2026-07-01 06:49:39 INFO Database connection established
2026-07-01 07:15:12 WARN High memory usage detected
2026-07-01 10:19:50 ERROR File not found
2026-07-01 11:37:51 INFO Application started
2026-07-01 14:08:10 INFO Request processed
2026-07-01 14:13:17 INFO Database connection established
2026-07-01 14:43:23 ERROR Timeout while contacting API
2026-07-01 16:19:44 INFO Database connection established
2026-07-01 17:25:16 INFO Database connection established
2026-07-01 17:59:23 WARN Retrying failed request
2026-07-01 18:48:31 WARN Configuration value missing, using default
2026-07-01 19:00:00 INFO Background job completed
2026-07-01 19:08:49 ERROR Database connection failed
2026-07-01 20:39:04 INFO Request processed
2026-07-01 21:56:15 INFO User logged in
2026-07-01 22:32:29 INFO Cache refreshed
2026-07-01 23:33:47 WARN Configuration value missing, using default
2026-07-02 00:24:14 WARN Configuration value missing, using default
2026-07-02 00:24:54 INFO Configuration loaded
2026-07-02 00:35:35 INFO Configuration loaded
2026-07-02 01:21:43 ERROR File not found
2026-07-02 04:31:09 INFO Database connection established
2026-07-02 04:56:27 INFO Database connection established
2026-07-02 08:25:06 INFO Request processed
2026-07-02 08:46:17 ERROR File not found
2026-07-02 09:23:49 INFO Cache refreshed
2026-07-02 09:45:54 INFO Cache refreshed
2026-07-02 10:00:19 WARN Slow database query
2026-07-02 10:33:05 INFO Request processed
2026-07-02 12:37:22 INFO Configuration loaded
2026-07-02 13:00:21 INFO Background job completed
2026-07-02 13:13:24 ERROR Database connection failed
2026-07-02 13:18:45 INFO Cache refreshed
2026-07-02 13:21:20 INFO Application started
2026-07-02 18:47:45 INFO User logged in
2026-07-02 20:43:54 WARN Retrying failed request
2026-07-02 21:36:25 INFO Configuration loaded
2026-07-02 21:43:38 INFO Request processed
2026-07-02 22:00:10 WARN Configuration value missing, using default
2026-07-02 22:20:40 INFO Background job completed
2026-07-03 01:41:30 ERROR Database connection failed
2026-07-03 03:25:22 INFO Database connection established
2026-07-03 03:43:39 INFO User logged in
2026-07-03 03:50:10 INFO Database connection established
2026-07-03 04:13:16 WARN High memory usage detected
2026-07-03 04:21:16 INFO Cache refreshed
2026-07-03 04:37:31 INFO Database connection established
2026-07-03 05:21:37 WARN Disk space running low
2026-07-03 05:41:38 INFO Cache refreshed
2026-07-03 06:45:32 INFO Configuration loaded
2026-07-03 07:30:57 INFO Background job completed
2026-07-03 08:58:16 INFO Request processed
2026-07-03 09:01:28 INFO Request processed
2026-07-03 09:05:21 INFO Background job completed
2026-07-03 09:33:46 INFO Configuration loaded
2026-07-03 11:14:13 INFO Configuration loaded
2026-07-03 11:40:28 INFO Cache refreshed
2026-07-03 14:12:35 INFO Database connection established
2026-07-03 18:41:48 WARN Disk space running low
2026-07-03 18:47:34 ERROR Authentication failed
2026-07-03 19:28:36 WARN Configuration value missing, using default
2026-07-03 20:55:28 WARN Configuration value missing, using default
2026-07-03 22:13:52 INFO User logged in
2026-07-03 22:40:01 WARN High memory usage detected
2026-07-04 00:47:21 INFO Application started
2026-07-04 00:54:06 WARN Retrying failed request
2026-07-04 01:36:43 INFO Configuration loaded
2026-07-04 02:18:07 ERROR File not found
2026-07-04 02:20:17 WARN Slow database query
2026-07-04 03:30:03 INFO Background job completed
2026-07-04 04:04:57 INFO Cache refreshed
2026-07-04 04:32:26 INFO Background job completed
2026-07-04 05:15:11 INFO Background job completed
2026-07-04 05:24:09 INFO Configuration loaded
2026-07-04 05:49:22 INFO Configuration loaded
2026-07-04 06:16:07 INFO User logged in
2026-07-04 06:24:38 INFO Cache refreshed
2026-07-04 07:38:20 WARN Slow database query
2026-07-04 08:02:51 ERROR Authentication failed
2026-07-04 08:14:38 INFO Cache refreshed
2026-07-04 08:35:31 INFO User logged in
2026-07-04 08:40:25 WARN Configuration value missing, using default
2026-07-04 10:43:52 INFO Cache refreshed
2026-07-04 10:58:11 INFO User logged in
2026-07-04 11:06:20 ERROR Database connection failed
2026-07-04 11:07:57 WARN Disk space running low
2026-07-04 12:49:08 WARN Slow database query
2026-07-04 13:19:56 INFO Configuration loaded
2026-07-04 14:08:23 WARN Retrying failed request
2026-07-04 15:49:17 ERROR Authentication failed
2026-07-04 17:05:26 ERROR Authentication failed
2026-07-04 18:08:41 WARN Configuration value missing, using default
2026-07-04 19:07:30 INFO Request processed
2026-07-04 21:57:30 WARN Retrying failed request
2026-07-05 01:09:15 WARN Slow database query
2026-07-05 01:56:42 INFO Application started
2026-07-05 02:02:17 INFO Configuration loaded
2026-07-05 02:39:27 INFO Cache refreshed
2026-07-05 02:48:18 INFO Request processed
2026-07-05 03:51:27 INFO Configuration loaded
2026-07-05 04:00:14 INFO Configuration loaded
2026-07-05 05:36:15 WARN High memory usage detected
2026-07-05 05:42:21 INFO Request processed
2026-07-05 06:09:56 INFO Background job completed
2026-07-05 06:24:08 ERROR File not found
2026-07-05 06:44:01 ERROR Database connection failed
2026-07-05 07:16:13 INFO Application started
2026-07-05 08:50:41 WARN High memory usage detected
2026-07-05 09:30:15 ERROR Database connection failed
2026-07-05 09:40:03 INFO Cache refreshed
2026-07-05 10:51:06 WARN Disk space running low
2026-07-05 11:10:59 INFO User logged in
2026-07-05 12:49:48 INFO Background job completed
2026-07-05 14:59:53 INFO Application started
2026-07-05 15:21:49 INFO Background job completed
2026-07-05 15:23:35 ERROR Timeout while contacting API
2026-07-05 17:27:29 WARN High memory usage detected
2026-07-05 18:02:29 INFO Application started
2026-07-05 18:10:47 WARN Disk space running low
2026-07-05 19:10:30 ERROR Unhandled exception occurred
2026-07-05 20:38:35 WARN Retrying failed request
2026-07-05 21:38:08 ERROR Authentication failed
2026-07-06 00:04:12 INFO Cache refreshed
2026-07-06 01:31:06 WARN Configuration value missing, using default
2026-07-06 01:57:20 WARN Slow database query
2026-07-06 02:08:27 WARN Disk space running low
2026-07-06 03:17:05 WARN High memory usage detected
2026-07-06 04:14:06 WARN Retrying failed request
2026-07-06 05:28:16 WARN Disk space running low
2026-07-06 05:47:18 INFO Application started
2026-07-06 07:30:14 WARN Retrying failed request
2026-07-06 07:41:38 INFO Configuration loaded
2026-07-06 08:51:31 WARN High memory usage detected
2026-07-06 09:24:53 INFO Background job completed
2026-07-06 10:25:10 INFO Background job completed
2026-07-06 10:29:58 WARN High memory usage detected
2026-07-06 10:51:20 WARN Retrying failed request
2026-07-06 11:22:21 WARN Disk space running low
2026-07-06 11:27:23 INFO Request processed
2026-07-06 11:44:41 ERROR Database connection failed
2026-07-06 13:48:15 INFO Application started
2026-07-06 14:01:21 INFO User logged in
2026-07-06 14:14:43 WARN Slow database query
2026-07-06 15:06:04 ERROR Database connection failed
2026-07-06 15:17:50 WARN High memory usage detected
2026-07-06 17:43:09 INFO Background job completed
2026-07-06 18:00:28 ERROR Authentication failed
2026-07-06 18:19:58 INFO Request processed
2026-07-06 18:39:46 ERROR Unhandled exception occurred
2026-07-06 19:19:16 WARN Disk space running low
2026-07-06 20:21:10 WARN Disk space running low
2026-07-06 22:04:55 INFO Configuration loaded
2026-07-06 22:40:54 WARN Slow database query
2026-07-06 23:55:04 INFO User logged in
2026-07-07 00:21:42 WARN Configuration value missing, using default
2026-07-07 02:51:38 INFO Configuration loaded
2026-07-07 03:18:40 WARN Configuration value missing, using default
2026-07-07 03:29:33 INFO User logged in
2026-07-07 04:31:11 INFO Application started
2026-07-07 05:24:49 WARN Retrying failed request
2026-07-07 08:09:49 INFO Request processed
2026-07-07 09:42:21 WARN Retrying failed request
2026-07-07 10:28:19 INFO Background job completed
2026-07-07 10:30:06 INFO Application started
2026-07-07 11:24:14 INFO Database connection established
2026-07-07 13:22:15 WARN Retrying failed request
2026-07-07 13:22:46 WARN Retrying failed request
2026-07-07 14:16:13 INFO User logged in
2026-07-07 14:18:43 WARN Disk space running low
2026-07-07 14:58:19 INFO Request processed
2026-07-07 15:33:35 INFO Request processed
2026-07-07 17:07:02 INFO Configuration loaded
2026-07-07 18:47:56 WARN High memory usage detected
2026-07-07 19:07:27 WARN High memory usage detected
2026-07-07 19:14:04 INFO Cache refreshed
2026-07-07 19:16:42 INFO User logged in
2026-07-07 19:28:12 INFO Request processed
2026-07-07 20:06:52 INFO Background job completed
2026-07-07 20:16:39 INFO Background job completed
2026-07-07 21:21:40 ERROR Database connection failed
2026-07-07 22:19:56 INFO Database connection established
2026-07-07 22:54:54 INFO Database connection established
2026-07-08 00:29:04 INFO Database connection established
2026-07-08 07:24:19 WARN Retrying failed request
2026-07-08 07:31:09 INFO Configuration loaded
2026-07-08 07:33:01 INFO Database connection established
2026-07-08 11:12:47 INFO Request processed
2026-07-08 11:20:58 INFO User logged in
2026-07-08 11:28:37 ERROR Database connection failed
2026-07-08 12:51:38 ERROR Authentication failed
2026-07-08 13:34:29 INFO Request processed
2026-07-08 13:44:12 INFO Request processed
2026-07-08 14:29:38 INFO Background job completed
2026-07-08 15:56:30 WARN Disk space running low
2026-07-08 17:07:36 INFO Background job completed
2026-07-08 18:23:16 WARN Disk space running low
2026-07-08 19:22:07 INFO Request processed
2026-07-08 20:17:35 ERROR Unhandled exception occurred
2026-07-08 21:01:31 WARN Slow database query
2026-07-08 21:41:19 ERROR Authentication failed
2026-07-08 22:47:57 INFO Request processed
2026-07-08 23:02:15 INFO Database connection established
2026-07-09 01:03:53 ERROR Timeout while contacting API
2026-07-09 01:48:39 INFO Request processed
2026-07-09 02:10:10 INFO User logged in
2026-07-09 02:48:59 INFO Background job completed
2026-07-09 03:15:23 WARN Slow database query
2026-07-09 05:46:54 WARN Slow database query
2026-07-09 07:25:13 INFO Configuration loaded
2026-07-09 07:59:43 INFO Configuration loaded
2026-07-09 10:57:28 ERROR Authentication failed
2026-07-09 12:14:31 WARN Retrying failed request
2026-07-09 12:35:13 WARN Retrying failed request
2026-07-09 12:46:43 WARN Retrying failed request
2026-07-09 13:20:08 INFO User logged in
2026-07-09 15:15:44 WARN Disk space running low
2026-07-09 16:03:24 ERROR Timeout while contacting API
2026-07-09 16:34:05 INFO Cache refreshed
2026-07-09 16:58:21 INFO Request processed
2026-07-09 18:26:08 INFO Database connection established
2026-07-09 19:28:39 WARN High memory usage detected
2026-07-09 20:14:13 INFO Cache refreshed
2026-07-09 20:58:06 ERROR File not found
2026-07-09 21:41:50 INFO Application started
2026-07-09 22:03:29 INFO Cache refreshed
2026-07-09 22:04:45 INFO Application started
2026-07-09 22:21:28 WARN Slow database query
2026-07-09 22:38:11 INFO User logged in
2026-07-09 22:47:33 INFO Application started
2026-07-09 22:57:40 INFO Request processed
2026-07-09 23:04:39 INFO User logged in
2026-07-10 05:58:29 WARN Configuration value missing, using default
2026-07-10 06:02:02 ERROR File not found
2026-07-10 07:35:54 INFO User logged in
2026-07-10 08:31:20 INFO Background job completed
2026-07-10 08:35:23 ERROR File not found
2026-07-10 09:37:36 INFO Configuration loaded
2026-07-10 12:45:47 INFO Database connection established
2026-07-10 14:52:31 INFO Background job completed
2026-07-10 16:12:39 WARN Configuration value missing, using default
2026-07-10 17:04:12 WARN Retrying failed request
2026-07-10 19:43:02 INFO Cache refreshed
2026-07-10 20:12:02 INFO User logged in
2026-07-10 20:28:42 INFO Configuration loaded
2026-07-10 23:28:29 INFO Application started